<?xml version="1.0" encoding="UTF-8"?>
<!-- Generated by org.testng.reporters.JUnitReportReporter -->
<testsuite hostname="LAPTOP-I0Q90R20" failures="0" tests="1" name="test.File_upload" time="18.037" errors="0" timestamp="2023-06-04T22:09:25 EDT" skipped="0">
  <testcase classname="test.File_upload" name="Test_File" time="18.037"/>
  <system-out/>
</testsuite> <!-- test.File_upload -->
