<?xml version="1.0" encoding="UTF-8"?>
<!-- Generated by org.testng.reporters.JUnitReportReporter -->
<testsuite hostname="LAPTOP-I0Q90R20" failures="0" tests="1" name="test.Basic_Auth_test" time="3.788" errors="0" timestamp="2023-06-01T20:26:57 EDT" skipped="0">
  <testcase classname="test.Basic_Auth_test" name="Demo" time="3.788"/>
  <system-out/>
</testsuite> <!-- test.Basic_Auth_test -->
