<?xml version="1.0" encoding="UTF-8"?>
<!-- Generated by org.testng.reporters.JUnitReportReporter -->
<testsuite hostname="LAPTOP-I0Q90R20" failures="0" tests="4" name="test.Test2" time="0.057" errors="0" timestamp="2023-05-09T20:05:22 EDT" skipped="0">
  <testcase classname="test.Test2" name="ABC" time="0.021"/>
  <system-out/>
  <testcase classname="test.Test2" name="ABC" time="0.021"/>
  <system-out/>
  <testcase classname="test.Test2" name="Myaccount" time="0.011"/>
  <system-out/>
  <testcase classname="test.Test2" name="Myaccount" time="0.004"/>
  <system-out/>
</testsuite> <!-- test.Test2 -->
