<?xml version="1.0" encoding="UTF-8"?>
<!-- Generated by org.testng.reporters.JUnitReportReporter -->
<testsuite hostname="LAPTOP-I0Q90R20" failures="0" tests="3" name="test.Parameterization" time="75.212" errors="0" timestamp="2023-06-01T18:51:37 EDT" skipped="0">
  <testcase classname="test.Parameterization" name="Login" time="47.306"/>
  <system-out/>
  <testcase classname="test.Parameterization" name="MyAcc" time="0.002"/>
  <system-out/>
  <testcase classname="test.Parameterization" name="Login" time="27.904"/>
  <system-out/>
</testsuite> <!-- test.Parameterization -->
