<?xml version="1.0" encoding="UTF-8"?>
<!-- Generated by org.testng.reporters.JUnitReportReporter -->
<testsuite hostname="LAPTOP-I0Q90R20" failures="0" tests="1" name="test.Rest_API" time="4.913" errors="0" timestamp="2023-06-01T20:16:22 EDT" skipped="0">
  <testcase classname="test.Rest_API" name="http_res" time="4.913"/>
  <system-out/>
</testsuite> <!-- test.Rest_API -->
